Start testing: Mar 01 16:54 GMT
----------------------------------------------------------
1/1 Testing: cube_tests
1/1 Test: cube_tests
Command: "/home/singh_a_WMGDS.WMG.WARWICK.AC.UK/side_work/half_edge_cpp/build/test_cube"
Directory: /home/singh_a_WMGDS.WMG.WARWICK.AC.UK/side_work/half_edge_cpp/build
"cube_tests" start time: Mar 01 16:54 GMT
Output:
----------------------------------------------------------
[OK] 4 tests passed
<end of output>
Test time =   0.00 sec
----------------------------------------------------------
Test Passed.
"cube_tests" end time: Mar 01 16:54 GMT
"cube_tests" time elapsed: 00:00:00
----------------------------------------------------------

End testing: Mar 01 16:54 GMT
